<?xml version="1.0" encoding="UTF-8"?>
<testsuite name="com.baldasso.schoolregistration.SchoolRegistrationApplicationTests" tests="1" skipped="0" failures="0" errors="0" timestamp="2022-05-08T01:01:10" hostname="jonatas.baldasso" time="0.104">
  <properties/>
  <testcase name="contextLoads()" classname="com.baldasso.schoolregistration.SchoolRegistrationApplicationTests" time="0.104"/>
  <system-out><![CDATA[22:01:04.286 [Test worker] DEBUG org.springframework.test.context.BootstrapUtils - Instantiating CacheAwareContextLoaderDelegate from class [org.springframework.test.context.cache.DefaultCacheAwareContextLoaderDelegate]
22:01:04.303 [Test worker] DEBUG org.springframework.test.context.BootstrapUtils - Instantiating BootstrapContext using constructor [public org.springframework.test.context.support.DefaultBootstrapContext(java.lang.Class,org.springframework.test.context.CacheAwareContextLoaderDelegate)]
22:01:04.341 [Test worker] DEBUG org.springframework.test.context.BootstrapUtils - Instantiating TestContextBootstrapper for test class [com.baldasso.schoolregistration.SchoolRegistrationApplicationTests] from class [org.springframework.boot.test.context.SpringBootTestContextBootstrapper]
22:01:04.357 [Test worker] INFO org.springframework.boot.test.context.SpringBootTestContextBootstrapper - Neither @ContextConfiguration nor @ContextHierarchy found for test class [com.baldasso.schoolregistration.SchoolRegistrationApplicationTests], using SpringBootContextLoader
22:01:04.361 [Test worker] DEBUG org.springframework.test.context.support.AbstractContextLoader - Did not detect default resource location for test class [com.baldasso.schoolregistration.SchoolRegistrationApplicationTests]: class path resource [com/baldasso/schoolregistration/SchoolRegistrationApplicationTests-context.xml] does not exist
22:01:04.361 [Test worker] DEBUG org.springframework.test.context.support.AbstractContextLoader - Did not detect default resource location for test class [com.baldasso.schoolregistration.SchoolRegistrationApplicationTests]: class path resource [com/baldasso/schoolregistration/SchoolRegistrationApplicationTestsContext.groovy] does not exist
22:01:04.361 [Test worker] INFO org.springframework.test.context.support.AbstractContextLoader - Could not detect default resource locations for test class [com.baldasso.schoolregistration.SchoolRegistrationApplicationTests]: no resource found for suffixes {-context.xml, Context.groovy}.
22:01:04.362 [Test worker] INFO org.springframework.test.context.support.AnnotationConfigContextLoaderUtils - Could not detect default configuration classes for test class [com.baldasso.schoolregistration.SchoolRegistrationApplicationTests]: SchoolRegistrationApplicationTests does not declare any static, non-private, non-final, nested classes annotated with @Configuration.
22:01:04.413 [Test worker] DEBUG org.springframework.test.context.support.ActiveProfilesUtils - Could not find an 'annotation declaring class' for annotation type [org.springframework.test.context.ActiveProfiles] and class [com.baldasso.schoolregistration.SchoolRegistrationApplicationTests]
22:01:04.476 [Test worker] DEBUG org.springframework.context.annotation.ClassPathScanningCandidateComponentProvider - Identified candidate component class: file [/Users/jonatas.baldasso/workspace/personal/school-registration/build/classes/java/main/com/baldasso/schoolregistration/SchoolRegistrationApplication.class]
22:01:04.477 [Test worker] INFO org.springframework.boot.test.context.SpringBootTestContextBootstrapper - Found @SpringBootConfiguration com.baldasso.schoolregistration.SchoolRegistrationApplication for test class com.baldasso.schoolregistration.SchoolRegistrationApplicationTests
22:01:04.579 [Test worker] DEBUG org.springframework.boot.test.context.SpringBootTestContextBootstrapper - @TestExecutionListeners is not present for class [com.baldasso.schoolregistration.SchoolRegistrationApplicationTests]: using defaults.
22:01:04.579 [Test worker] INFO org.springframework.boot.test.context.SpringBootTestContextBootstrapper - Loaded default TestExecutionListener class names from location [META-INF/spring.factories]: [org.springframework.boot.test.autoconfigure.restdocs.RestDocsTestExecutionListener, org.springframework.boot.test.autoconfigure.web.client.MockRestServiceServerResetTestExecutionListener, org.springframework.boot.test.autoconfigure.web.servlet.MockMvcPrintOnlyOnFailureTestExecutionListener, org.springframework.boot.test.autoconfigure.web.servlet.WebDriverTestExecutionListener, org.springframework.boot.test.autoconfigure.webservices.client.MockWebServiceServerTestExecutionListener, org.springframework.boot.test.mock.mockito.MockitoTestExecutionListener, org.springframework.boot.test.mock.mockito.ResetMocksTestExecutionListener, org.springframework.test.context.web.ServletTestExecutionListener, org.springframework.test.context.support.DirtiesContextBeforeModesTestExecutionListener, org.springframework.test.context.event.ApplicationEventsTestExecutionListener, org.springframework.test.context.support.DependencyInjectionTestExecutionListener, org.springframework.test.context.support.DirtiesContextTestExecutionListener, org.springframework.test.context.transaction.TransactionalTestExecutionListener, org.springframework.test.context.jdbc.SqlScriptsTestExecutionListener, org.springframework.test.context.event.EventPublishingTestExecutionListener]
22:01:04.602 [Test worker] INFO org.springframework.boot.test.context.SpringBootTestContextBootstrapper - Using TestExecutionListeners: [org.springframework.test.context.web.ServletTestExecutionListener@1a15b789, org.springframework.test.context.support.DirtiesContextBeforeModesTestExecutionListener@57f791c6, org.springframework.test.context.event.ApplicationEventsTestExecutionListener@51650883, org.springframework.boot.test.mock.mockito.MockitoTestExecutionListener@6c4f9535, org.springframework.boot.test.autoconfigure.SpringBootDependencyInjectionTestExecutionListener@5bd1ceca, org.springframework.test.context.support.DirtiesContextTestExecutionListener@30c31dd7, org.springframework.test.context.transaction.TransactionalTestExecutionListener@499b2a5c, org.springframework.test.context.jdbc.SqlScriptsTestExecutionListener@596df867, org.springframework.test.context.event.EventPublishingTestExecutionListener@c1fca1e, org.springframework.boot.test.autoconfigure.restdocs.RestDocsTestExecutionListener@241a53ef, org.springframework.boot.test.autoconfigure.web.client.MockRestServiceServerResetTestExecutionListener@344344fa, org.springframework.boot.test.autoconfigure.web.servlet.MockMvcPrintOnlyOnFailureTestExecutionListener@2db2cd5, org.springframework.boot.test.autoconfigure.web.servlet.WebDriverTestExecutionListener@70e659aa, org.springframework.boot.test.autoconfigure.webservices.client.MockWebServiceServerTestExecutionListener@615f972, org.springframework.boot.test.mock.mockito.ResetMocksTestExecutionListener@285f09de]
22:01:04.607 [Test worker] DEBUG org.springframework.test.context.support.AbstractDirtiesContextTestExecutionListener - Before test class: context [DefaultTestContext@345e5a17 testClass = SchoolRegistrationApplicationTests, testInstance = [null], testMethod = [null], testException = [null], mergedContextConfiguration = [WebMergedContextConfiguration@5ea502e0 testClass = SchoolRegistrationApplicationTests, locations = '{}', classes = '{class com.baldasso.schoolregistration.SchoolRegistrationApplication}', contextInitializerClasses = '[]', activeProfiles = '{}', propertySourceLocations = '{}', propertySourceProperties = '{org.springframework.boot.test.context.SpringBootTestContextBootstrapper=true}', contextCustomizers = set[org.springframework.boot.test.autoconfigure.actuate.metrics.MetricsExportContextCustomizerFactory$DisableMetricExportContextCustomizer@e98770d, org.springframework.boot.test.autoconfigure.properties.PropertyMappingContextCustomizer@0, org.springframework.boot.test.autoconfigure.web.servlet.WebDriverContextCustomizerFactory$Customizer@31aa3ca5, org.springframework.boot.test.context.filter.ExcludeFilterContextCustomizer@2ccca26f, org.springframework.boot.test.json.DuplicateJsonObjectContextCustomizerFactory$DuplicateJsonObjectContextCustomizer@7c541c15, org.springframework.boot.test.mock.mockito.MockitoContextCustomizer@0, org.springframework.boot.test.web.client.TestRestTemplateContextCustomizer@3e10dc6, org.springframework.boot.test.context.SpringBootTestArgs@1, org.springframework.boot.test.context.SpringBootTestWebEnvironment@17503f6b], resourceBasePath = 'src/main/webapp', contextLoader = 'org.springframework.boot.test.context.SpringBootContextLoader', parent = [null]], attributes = map['org.springframework.test.context.web.ServletTestExecutionListener.activateListener' -> true]], class annotated with @DirtiesContext [false] with mode [null].

  .   ____          _            __ _ _
 /\\ / ___'_ __ _ _(_)_ __  __ _ \ \ \ \
( ( )\___ | '_ | '_| | '_ \/ _` | \ \ \ \
 \\/  ___)| |_)| | | | | || (_| |  ) ) ) )
  '  |____| .__|_| |_|_| |_\__, | / / / /
 =========|_|==============|___/=/_/_/_/
 :: Spring Boot ::                (v2.6.7)

2022-05-07 22:01:05.005  INFO 3403 --- [    Test worker] c.b.s.SchoolRegistrationApplicationTests : Starting SchoolRegistrationApplicationTests using Java 11.0.11 on jonatas.baldasso with PID 3403 (started by jonatas.baldasso in /Users/jonatas.baldasso/workspace/personal/school-registration)
2022-05-07 22:01:05.007  INFO 3403 --- [    Test worker] c.b.s.SchoolRegistrationApplicationTests : No active profile set, falling back to 1 default profile: "default"
2022-05-07 22:01:06.071  INFO 3403 --- [    Test worker] .s.d.r.c.RepositoryConfigurationDelegate : Bootstrapping Spring Data JPA repositories in DEFAULT mode.
2022-05-07 22:01:06.135  INFO 3403 --- [    Test worker] .s.d.r.c.RepositoryConfigurationDelegate : Finished Spring Data repository scanning in 52 ms. Found 2 JPA repository interfaces.
2022-05-07 22:01:06.679  INFO 3403 --- [    Test worker] com.zaxxer.hikari.HikariDataSource       : HikariPool-1 - Starting...
2022-05-07 22:01:07.179  INFO 3403 --- [    Test worker] com.zaxxer.hikari.HikariDataSource       : HikariPool-1 - Start completed.
2022-05-07 22:01:07.298  INFO 3403 --- [    Test worker] o.hibernate.jpa.internal.util.LogHelper  : HHH000204: Processing PersistenceUnitInfo [name: default]
2022-05-07 22:01:07.397  INFO 3403 --- [    Test worker] org.hibernate.Version                    : HHH000412: Hibernate ORM core version 5.6.8.Final
2022-05-07 22:01:07.726  INFO 3403 --- [    Test worker] o.hibernate.annotations.common.Version   : HCANN000001: Hibernate Commons Annotations {5.1.2.Final}
2022-05-07 22:01:07.919  INFO 3403 --- [    Test worker] org.hibernate.dialect.Dialect            : HHH000400: Using dialect: org.hibernate.dialect.MySQL8Dialect
2022-05-07 22:01:08.756  INFO 3403 --- [    Test worker] o.h.e.t.j.p.i.JtaPlatformInitiator       : HHH000490: Using JtaPlatform implementation: [org.hibernate.engine.transaction.jta.platform.internal.NoJtaPlatform]
2022-05-07 22:01:08.766  INFO 3403 --- [    Test worker] j.LocalContainerEntityManagerFactoryBean : Initialized JPA EntityManagerFactory for persistence unit 'default'
2022-05-07 22:01:09.604  WARN 3403 --- [    Test worker] JpaBaseConfiguration$JpaWebConfiguration : spring.jpa.open-in-view is enabled by default. Therefore, database queries may be performed during view rendering. Explicitly configure spring.jpa.open-in-view to disable this warning
2022-05-07 22:01:10.543  INFO 3403 --- [    Test worker] o.s.b.a.e.web.EndpointLinksResolver      : Exposing 1 endpoint(s) beneath base path '/actuator'
2022-05-07 22:01:10.592  INFO 3403 --- [    Test worker] c.b.s.SchoolRegistrationApplicationTests : Started SchoolRegistrationApplicationTests in 5.935 seconds (JVM running for 7.281)
]]></system-out>
  <system-err><![CDATA[]]></system-err>
</testsuite>
