<?xml version="1.0" encoding="UTF-8"?>
<testsuite name="com.baldasso.schoolregistration.SchoolRegistrationApplicationTests" tests="1" skipped="0" failures="0" errors="0" timestamp="2022-05-08T00:23:30" hostname="jonatas.baldasso" time="0.091">
  <properties/>
  <testcase name="contextLoads()" classname="com.baldasso.schoolregistration.SchoolRegistrationApplicationTests" time="0.091"/>
  <system-out><![CDATA[21:23:25.801 [Test worker] DEBUG org.springframework.test.context.BootstrapUtils - Instantiating CacheAwareContextLoaderDelegate from class [org.springframework.test.context.cache.DefaultCacheAwareContextLoaderDelegate]
21:23:25.810 [Test worker] DEBUG org.springframework.test.context.BootstrapUtils - Instantiating BootstrapContext using constructor [public org.springframework.test.context.support.DefaultBootstrapContext(java.lang.Class,org.springframework.test.context.CacheAwareContextLoaderDelegate)]
21:23:25.840 [Test worker] DEBUG org.springframework.test.context.BootstrapUtils - Instantiating TestContextBootstrapper for test class [com.baldasso.schoolregistration.SchoolRegistrationApplicationTests] from class [org.springframework.boot.test.context.SpringBootTestContextBootstrapper]
21:23:25.852 [Test worker] INFO org.springframework.boot.test.context.SpringBootTestContextBootstrapper - Neither @ContextConfiguration nor @ContextHierarchy found for test class [com.baldasso.schoolregistration.SchoolRegistrationApplicationTests], using SpringBootContextLoader
21:23:25.856 [Test worker] DEBUG org.springframework.test.context.support.AbstractContextLoader - Did not detect default resource location for test class [com.baldasso.schoolregistration.SchoolRegistrationApplicationTests]: class path resource [com/baldasso/schoolregistration/SchoolRegistrationApplicationTests-context.xml] does not exist
21:23:25.857 [Test worker] DEBUG org.springframework.test.context.support.AbstractContextLoader - Did not detect default resource location for test class [com.baldasso.schoolregistration.SchoolRegistrationApplicationTests]: class path resource [com/baldasso/schoolregistration/SchoolRegistrationApplicationTestsContext.groovy] does not exist
21:23:25.857 [Test worker] INFO org.springframework.test.context.support.AbstractContextLoader - Could not detect default resource locations for test class [com.baldasso.schoolregistration.SchoolRegistrationApplicationTests]: no resource found for suffixes {-context.xml, Context.groovy}.
21:23:25.858 [Test worker] INFO org.springframework.test.context.support.AnnotationConfigContextLoaderUtils - Could not detect default configuration classes for test class [com.baldasso.schoolregistration.SchoolRegistrationApplicationTests]: SchoolRegistrationApplicationTests does not declare any static, non-private, non-final, nested classes annotated with @Configuration.
21:23:25.900 [Test worker] DEBUG org.springframework.test.context.support.ActiveProfilesUtils - Could not find an 'annotation declaring class' for annotation type [org.springframework.test.context.ActiveProfiles] and class [com.baldasso.schoolregistration.SchoolRegistrationApplicationTests]
21:23:25.948 [Test worker] DEBUG org.springframework.context.annotation.ClassPathScanningCandidateComponentProvider - Identified candidate component class: file [/Users/jonatas.baldasso/workspace/personal/school-registration/build/classes/java/main/com/baldasso/schoolregistration/SchoolRegistrationApplication.class]
21:23:25.948 [Test worker] INFO org.springframework.boot.test.context.SpringBootTestContextBootstrapper - Found @SpringBootConfiguration com.baldasso.schoolregistration.SchoolRegistrationApplication for test class com.baldasso.schoolregistration.SchoolRegistrationApplicationTests
21:23:26.040 [Test worker] DEBUG org.springframework.boot.test.context.SpringBootTestContextBootstrapper - @TestExecutionListeners is not present for class [com.baldasso.schoolregistration.SchoolRegistrationApplicationTests]: using defaults.
21:23:26.041 [Test worker] INFO org.springframework.boot.test.context.SpringBootTestContextBootstrapper - Loaded default TestExecutionListener class names from location [META-INF/spring.factories]: [org.springframework.boot.test.autoconfigure.restdocs.RestDocsTestExecutionListener, org.springframework.boot.test.autoconfigure.web.client.MockRestServiceServerResetTestExecutionListener, org.springframework.boot.test.autoconfigure.web.servlet.MockMvcPrintOnlyOnFailureTestExecutionListener, org.springframework.boot.test.autoconfigure.web.servlet.WebDriverTestExecutionListener, org.springframework.boot.test.autoconfigure.webservices.client.MockWebServiceServerTestExecutionListener, org.springframework.boot.test.mock.mockito.MockitoTestExecutionListener, org.springframework.boot.test.mock.mockito.ResetMocksTestExecutionListener, org.springframework.test.context.web.ServletTestExecutionListener, org.springframework.test.context.support.DirtiesContextBeforeModesTestExecutionListener, org.springframework.test.context.event.ApplicationEventsTestExecutionListener, org.springframework.test.context.support.DependencyInjectionTestExecutionListener, org.springframework.test.context.support.DirtiesContextTestExecutionListener, org.springframework.test.context.transaction.TransactionalTestExecutionListener, org.springframework.test.context.jdbc.SqlScriptsTestExecutionListener, org.springframework.test.context.event.EventPublishingTestExecutionListener]
21:23:26.059 [Test worker] INFO org.springframework.boot.test.context.SpringBootTestContextBootstrapper - Using TestExecutionListeners: [org.springframework.test.context.web.ServletTestExecutionListener@30c31dd7, org.springframework.test.context.support.DirtiesContextBeforeModesTestExecutionListener@499b2a5c, org.springframework.test.context.event.ApplicationEventsTestExecutionListener@596df867, org.springframework.boot.test.mock.mockito.MockitoTestExecutionListener@c1fca1e, org.springframework.boot.test.autoconfigure.SpringBootDependencyInjectionTestExecutionListener@241a53ef, org.springframework.test.context.support.DirtiesContextTestExecutionListener@344344fa, org.springframework.test.context.transaction.TransactionalTestExecutionListener@2db2cd5, org.springframework.test.context.jdbc.SqlScriptsTestExecutionListener@70e659aa, org.springframework.test.context.event.EventPublishingTestExecutionListener@615f972, org.springframework.boot.test.autoconfigure.restdocs.RestDocsTestExecutionListener@285f09de, org.springframework.boot.test.autoconfigure.web.client.MockRestServiceServerResetTestExecutionListener@73393584, org.springframework.boot.test.autoconfigure.web.servlet.MockMvcPrintOnlyOnFailureTestExecutionListener@31500940, org.springframework.boot.test.autoconfigure.web.servlet.WebDriverTestExecutionListener@1827a871, org.springframework.boot.test.autoconfigure.webservices.client.MockWebServiceServerTestExecutionListener@48e64352, org.springframework.boot.test.mock.mockito.ResetMocksTestExecutionListener@7249dadf]
21:23:26.062 [Test worker] DEBUG org.springframework.test.context.support.AbstractDirtiesContextTestExecutionListener - Before test class: context [DefaultTestContext@77b7ffa4 testClass = SchoolRegistrationApplicationTests, testInstance = [null], testMethod = [null], testException = [null], mergedContextConfiguration = [WebMergedContextConfiguration@5ed190be testClass = SchoolRegistrationApplicationTests, locations = '{}', classes = '{class com.baldasso.schoolregistration.SchoolRegistrationApplication}', contextInitializerClasses = '[]', activeProfiles = '{}', propertySourceLocations = '{}', propertySourceProperties = '{org.springframework.boot.test.context.SpringBootTestContextBootstrapper=true}', contextCustomizers = set[org.springframework.boot.test.autoconfigure.actuate.metrics.MetricsExportContextCustomizerFactory$DisableMetricExportContextCustomizer@18cebaa5, org.springframework.boot.test.autoconfigure.properties.PropertyMappingContextCustomizer@0, org.springframework.boot.test.autoconfigure.web.servlet.WebDriverContextCustomizerFactory$Customizer@2ccca26f, org.springframework.boot.test.context.filter.ExcludeFilterContextCustomizer@698122b2, org.springframework.boot.test.json.DuplicateJsonObjectContextCustomizerFactory$DuplicateJsonObjectContextCustomizer@3b2c0e88, org.springframework.boot.test.mock.mockito.MockitoContextCustomizer@0, org.springframework.boot.test.web.client.TestRestTemplateContextCustomizer@5a7005d, org.springframework.boot.test.context.SpringBootTestArgs@1, org.springframework.boot.test.context.SpringBootTestWebEnvironment@730d2164], resourceBasePath = 'src/main/webapp', contextLoader = 'org.springframework.boot.test.context.SpringBootContextLoader', parent = [null]], attributes = map['org.springframework.test.context.web.ServletTestExecutionListener.activateListener' -> true]], class annotated with @DirtiesContext [false] with mode [null].

  .   ____          _            __ _ _
 /\\ / ___'_ __ _ _(_)_ __  __ _ \ \ \ \
( ( )\___ | '_ | '_| | '_ \/ _` | \ \ \ \
 \\/  ___)| |_)| | | | | || (_| |  ) ) ) )
  '  |____| .__|_| |_|_| |_\__, | / / / /
 =========|_|==============|___/=/_/_/_/
 :: Spring Boot ::                (v2.6.7)

2022-05-07 21:23:26.394  INFO 2682 --- [    Test worker] c.b.s.SchoolRegistrationApplicationTests : Starting SchoolRegistrationApplicationTests using Java 11.0.11 on jonatas.baldasso with PID 2682 (started by jonatas.baldasso in /Users/jonatas.baldasso/workspace/personal/school-registration)
2022-05-07 21:23:26.396  INFO 2682 --- [    Test worker] c.b.s.SchoolRegistrationApplicationTests : No active profile set, falling back to 1 default profile: "default"
2022-05-07 21:23:27.198  INFO 2682 --- [    Test worker] .s.d.r.c.RepositoryConfigurationDelegate : Bootstrapping Spring Data JPA repositories in DEFAULT mode.
2022-05-07 21:23:27.252  INFO 2682 --- [    Test worker] .s.d.r.c.RepositoryConfigurationDelegate : Finished Spring Data repository scanning in 44 ms. Found 2 JPA repository interfaces.
2022-05-07 21:23:27.660  INFO 2682 --- [    Test worker] com.zaxxer.hikari.HikariDataSource       : HikariPool-1 - Starting...
2022-05-07 21:23:28.027  INFO 2682 --- [    Test worker] com.zaxxer.hikari.HikariDataSource       : HikariPool-1 - Start completed.
2022-05-07 21:23:28.132  INFO 2682 --- [    Test worker] o.hibernate.jpa.internal.util.LogHelper  : HHH000204: Processing PersistenceUnitInfo [name: default]
2022-05-07 21:23:28.207  INFO 2682 --- [    Test worker] org.hibernate.Version                    : HHH000412: Hibernate ORM core version 5.6.8.Final
2022-05-07 21:23:28.398  INFO 2682 --- [    Test worker] o.hibernate.annotations.common.Version   : HCANN000001: Hibernate Commons Annotations {5.1.2.Final}
2022-05-07 21:23:28.512  INFO 2682 --- [    Test worker] org.hibernate.dialect.Dialect            : HHH000400: Using dialect: org.hibernate.dialect.MySQL8Dialect
2022-05-07 21:23:29.068  INFO 2682 --- [    Test worker] o.h.e.t.j.p.i.JtaPlatformInitiator       : HHH000490: Using JtaPlatform implementation: [org.hibernate.engine.transaction.jta.platform.internal.NoJtaPlatform]
2022-05-07 21:23:29.077  INFO 2682 --- [    Test worker] j.LocalContainerEntityManagerFactoryBean : Initialized JPA EntityManagerFactory for persistence unit 'default'
2022-05-07 21:23:29.667  WARN 2682 --- [    Test worker] JpaBaseConfiguration$JpaWebConfiguration : spring.jpa.open-in-view is enabled by default. Therefore, database queries may be performed during view rendering. Explicitly configure spring.jpa.open-in-view to disable this warning
2022-05-07 21:23:30.403  INFO 2682 --- [    Test worker] o.s.b.a.e.web.EndpointLinksResolver      : Exposing 1 endpoint(s) beneath base path '/actuator'
2022-05-07 21:23:30.443  INFO 2682 --- [    Test worker] c.b.s.SchoolRegistrationApplicationTests : Started SchoolRegistrationApplicationTests in 4.334 seconds (JVM running for 5.416)
]]></system-out>
  <system-err><![CDATA[]]></system-err>
</testsuite>
